[14-Apr-2019 09:38:18 Europe/Berlin] PHP Notice:  Undefined variable: target_file in F:\xampp\htdocs\test\index.php on line 58
[14-Apr-2019 09:38:18 Europe/Berlin] PHP Notice:  Undefined variable: imageFileType in F:\xampp\htdocs\test\index.php on line 68
[14-Apr-2019 09:38:18 Europe/Berlin] PHP Notice:  Undefined variable: imageFileType in F:\xampp\htdocs\test\index.php on line 68
[14-Apr-2019 09:38:18 Europe/Berlin] PHP Notice:  Undefined variable: imageFileType in F:\xampp\htdocs\test\index.php on line 68
[14-Apr-2019 09:38:18 Europe/Berlin] PHP Notice:  Undefined variable: imageFileType in F:\xampp\htdocs\test\index.php on line 69
[14-Apr-2019 09:38:18 Europe/Berlin] PHP Notice:  Undefined variable: target_file in F:\xampp\htdocs\test\index.php on line 87
[14-Apr-2019 09:38:54 Europe/Berlin] PHP Notice:  Undefined variable: target_file in F:\xampp\htdocs\test\index.php on line 85
[14-Apr-2019 09:39:11 Europe/Berlin] PHP Notice:  Undefined variable: target_file in F:\xampp\htdocs\test\index.php on line 85
[14-Apr-2019 09:39:15 Europe/Berlin] PHP Notice:  Undefined variable: FILES in F:\xampp\htdocs\test\index.php on line 47
[14-Apr-2019 09:39:15 Europe/Berlin] PHP Warning:  getimagesize(): Filename cannot be empty in F:\xampp\htdocs\test\index.php on line 47
[14-Apr-2019 09:39:15 Europe/Berlin] PHP Notice:  Undefined variable: target_file in F:\xampp\htdocs\test\index.php on line 57
[14-Apr-2019 09:39:15 Europe/Berlin] PHP Notice:  Undefined variable: imageFileType in F:\xampp\htdocs\test\index.php on line 67
[14-Apr-2019 09:39:15 Europe/Berlin] PHP Notice:  Undefined variable: imageFileType in F:\xampp\htdocs\test\index.php on line 67
[14-Apr-2019 09:39:15 Europe/Berlin] PHP Notice:  Undefined variable: imageFileType in F:\xampp\htdocs\test\index.php on line 67
[14-Apr-2019 09:39:15 Europe/Berlin] PHP Notice:  Undefined variable: imageFileType in F:\xampp\htdocs\test\index.php on line 68
[14-Apr-2019 09:39:15 Europe/Berlin] PHP Notice:  Undefined variable: target_file in F:\xampp\htdocs\test\index.php on line 85
[14-Apr-2019 09:39:43 Europe/Berlin] PHP Notice:  Undefined variable: target_file in F:\xampp\htdocs\test\index.php on line 85
[14-Apr-2019 09:39:47 Europe/Berlin] PHP Notice:  Undefined variable: FILES in F:\xampp\htdocs\test\index.php on line 47
[14-Apr-2019 09:39:47 Europe/Berlin] PHP Warning:  getimagesize(): Filename cannot be empty in F:\xampp\htdocs\test\index.php on line 47
[14-Apr-2019 09:39:47 Europe/Berlin] PHP Notice:  Undefined variable: target_file in F:\xampp\htdocs\test\index.php on line 57
[14-Apr-2019 09:39:47 Europe/Berlin] PHP Notice:  Undefined variable: imageFileType in F:\xampp\htdocs\test\index.php on line 67
[14-Apr-2019 09:39:47 Europe/Berlin] PHP Notice:  Undefined variable: imageFileType in F:\xampp\htdocs\test\index.php on line 67
[14-Apr-2019 09:39:47 Europe/Berlin] PHP Notice:  Undefined variable: imageFileType in F:\xampp\htdocs\test\index.php on line 67
[14-Apr-2019 09:39:47 Europe/Berlin] PHP Notice:  Undefined variable: imageFileType in F:\xampp\htdocs\test\index.php on line 68
[14-Apr-2019 09:39:47 Europe/Berlin] PHP Notice:  Undefined variable: target_file in F:\xampp\htdocs\test\index.php on line 85
[14-Apr-2019 09:40:33 Europe/Berlin] PHP Notice:  Undefined variable: target_file in F:\xampp\htdocs\test\index.php on line 81
[14-Apr-2019 09:40:37 Europe/Berlin] PHP Notice:  Undefined variable: FILES in F:\xampp\htdocs\test\index.php on line 47
[14-Apr-2019 09:40:37 Europe/Berlin] PHP Warning:  getimagesize(): Filename cannot be empty in F:\xampp\htdocs\test\index.php on line 47
[14-Apr-2019 09:40:37 Europe/Berlin] PHP Notice:  Undefined variable: target_file in F:\xampp\htdocs\test\index.php on line 57
[14-Apr-2019 09:40:37 Europe/Berlin] PHP Notice:  Undefined variable: imageFileType in F:\xampp\htdocs\test\index.php on line 63
[14-Apr-2019 09:40:37 Europe/Berlin] PHP Notice:  Undefined variable: imageFileType in F:\xampp\htdocs\test\index.php on line 63
[14-Apr-2019 09:40:37 Europe/Berlin] PHP Notice:  Undefined variable: imageFileType in F:\xampp\htdocs\test\index.php on line 63
[14-Apr-2019 09:40:37 Europe/Berlin] PHP Notice:  Undefined variable: imageFileType in F:\xampp\htdocs\test\index.php on line 64
[14-Apr-2019 09:40:37 Europe/Berlin] PHP Notice:  Undefined variable: target_file in F:\xampp\htdocs\test\index.php on line 81
[14-Apr-2019 09:40:44 Europe/Berlin] PHP Notice:  Undefined variable: target_file in F:\xampp\htdocs\test\index.php on line 81
[14-Apr-2019 09:40:48 Europe/Berlin] PHP Notice:  Undefined variable: FILES in F:\xampp\htdocs\test\index.php on line 47
[14-Apr-2019 09:40:48 Europe/Berlin] PHP Warning:  getimagesize(): Filename cannot be empty in F:\xampp\htdocs\test\index.php on line 47
[14-Apr-2019 09:40:48 Europe/Berlin] PHP Notice:  Undefined variable: target_file in F:\xampp\htdocs\test\index.php on line 57
[14-Apr-2019 09:40:48 Europe/Berlin] PHP Notice:  Undefined variable: imageFileType in F:\xampp\htdocs\test\index.php on line 63
[14-Apr-2019 09:40:48 Europe/Berlin] PHP Notice:  Undefined variable: imageFileType in F:\xampp\htdocs\test\index.php on line 63
[14-Apr-2019 09:40:48 Europe/Berlin] PHP Notice:  Undefined variable: imageFileType in F:\xampp\htdocs\test\index.php on line 63
[14-Apr-2019 09:40:48 Europe/Berlin] PHP Notice:  Undefined variable: imageFileType in F:\xampp\htdocs\test\index.php on line 64
[14-Apr-2019 09:40:48 Europe/Berlin] PHP Notice:  Undefined variable: target_file in F:\xampp\htdocs\test\index.php on line 81
[14-Apr-2019 09:41:41 Europe/Berlin] PHP Notice:  Undefined variable: target_file in F:\xampp\htdocs\test\index.php on line 87
[14-Apr-2019 09:41:45 Europe/Berlin] PHP Notice:  Undefined variable: FILES in F:\xampp\htdocs\test\index.php on line 53
[14-Apr-2019 09:41:45 Europe/Berlin] PHP Warning:  getimagesize(): Filename cannot be empty in F:\xampp\htdocs\test\index.php on line 53
[14-Apr-2019 09:41:45 Europe/Berlin] PHP Notice:  Undefined variable: target_file in F:\xampp\htdocs\test\index.php on line 63
[14-Apr-2019 09:41:45 Europe/Berlin] PHP Notice:  Undefined variable: imageFileType in F:\xampp\htdocs\test\index.php on line 69
[14-Apr-2019 09:41:45 Europe/Berlin] PHP Notice:  Undefined variable: imageFileType in F:\xampp\htdocs\test\index.php on line 69
[14-Apr-2019 09:41:45 Europe/Berlin] PHP Notice:  Undefined variable: imageFileType in F:\xampp\htdocs\test\index.php on line 69
[14-Apr-2019 09:41:45 Europe/Berlin] PHP Notice:  Undefined variable: imageFileType in F:\xampp\htdocs\test\index.php on line 70
[14-Apr-2019 09:41:45 Europe/Berlin] PHP Notice:  Undefined variable: target_file in F:\xampp\htdocs\test\index.php on line 87
[14-Apr-2019 09:42:27 Europe/Berlin] PHP Notice:  Undefined variable: target_file in F:\xampp\htdocs\test\index.php on line 88
[14-Apr-2019 09:42:33 Europe/Berlin] PHP Notice:  Undefined variable: FILES in F:\xampp\htdocs\test\index.php on line 54
[14-Apr-2019 09:42:33 Europe/Berlin] PHP Warning:  getimagesize(): Filename cannot be empty in F:\xampp\htdocs\test\index.php on line 54
[14-Apr-2019 09:42:33 Europe/Berlin] PHP Notice:  Undefined variable: target_file in F:\xampp\htdocs\test\index.php on line 64
[14-Apr-2019 09:42:33 Europe/Berlin] PHP Notice:  Undefined variable: imageFileType in F:\xampp\htdocs\test\index.php on line 70
[14-Apr-2019 09:42:33 Europe/Berlin] PHP Notice:  Undefined variable: imageFileType in F:\xampp\htdocs\test\index.php on line 70
[14-Apr-2019 09:42:33 Europe/Berlin] PHP Notice:  Undefined variable: imageFileType in F:\xampp\htdocs\test\index.php on line 70
[14-Apr-2019 09:42:33 Europe/Berlin] PHP Notice:  Undefined variable: imageFileType in F:\xampp\htdocs\test\index.php on line 71
[14-Apr-2019 09:42:33 Europe/Berlin] PHP Notice:  Undefined variable: target_file in F:\xampp\htdocs\test\index.php on line 88
[14-Apr-2019 09:45:56 Europe/Berlin] PHP Notice:  Undefined variable: target_file in F:\xampp\htdocs\test\index.php on line 88
[14-Apr-2019 09:45:57 Europe/Berlin] PHP Notice:  Undefined variable: FILES in F:\xampp\htdocs\test\index.php on line 54
[14-Apr-2019 09:45:57 Europe/Berlin] PHP Warning:  getimagesize(): Filename cannot be empty in F:\xampp\htdocs\test\index.php on line 54
[14-Apr-2019 09:45:57 Europe/Berlin] PHP Notice:  Undefined variable: target_file in F:\xampp\htdocs\test\index.php on line 64
[14-Apr-2019 09:45:57 Europe/Berlin] PHP Notice:  Undefined variable: imageFileType in F:\xampp\htdocs\test\index.php on line 70
[14-Apr-2019 09:45:57 Europe/Berlin] PHP Notice:  Undefined variable: imageFileType in F:\xampp\htdocs\test\index.php on line 70
[14-Apr-2019 09:45:57 Europe/Berlin] PHP Notice:  Undefined variable: imageFileType in F:\xampp\htdocs\test\index.php on line 70
[14-Apr-2019 09:45:57 Europe/Berlin] PHP Notice:  Undefined variable: imageFileType in F:\xampp\htdocs\test\index.php on line 71
[14-Apr-2019 09:45:57 Europe/Berlin] PHP Notice:  Undefined variable: target_file in F:\xampp\htdocs\test\index.php on line 88
[14-Apr-2019 09:46:02 Europe/Berlin] PHP Notice:  Undefined variable: FILES in F:\xampp\htdocs\test\index.php on line 54
[14-Apr-2019 09:46:02 Europe/Berlin] PHP Warning:  getimagesize(): Filename cannot be empty in F:\xampp\htdocs\test\index.php on line 54
[14-Apr-2019 09:46:02 Europe/Berlin] PHP Notice:  Undefined variable: target_file in F:\xampp\htdocs\test\index.php on line 64
[14-Apr-2019 09:46:02 Europe/Berlin] PHP Notice:  Undefined variable: imageFileType in F:\xampp\htdocs\test\index.php on line 70
[14-Apr-2019 09:46:02 Europe/Berlin] PHP Notice:  Undefined variable: imageFileType in F:\xampp\htdocs\test\index.php on line 70
[14-Apr-2019 09:46:02 Europe/Berlin] PHP Notice:  Undefined variable: imageFileType in F:\xampp\htdocs\test\index.php on line 70
[14-Apr-2019 09:46:02 Europe/Berlin] PHP Notice:  Undefined variable: imageFileType in F:\xampp\htdocs\test\index.php on line 71
[14-Apr-2019 09:46:02 Europe/Berlin] PHP Notice:  Undefined variable: target_file in F:\xampp\htdocs\test\index.php on line 88
[14-Apr-2019 09:54:36 Europe/Berlin] PHP Notice:  Undefined variable: target_file in F:\xampp\htdocs\test\index.php on line 93
[14-Apr-2019 09:54:41 Europe/Berlin] PHP Notice:  Undefined index: fileToUpload in F:\xampp\htdocs\test\index.php on line 55
[14-Apr-2019 09:54:41 Europe/Berlin] PHP Notice:  Undefined variable: FILES in F:\xampp\htdocs\test\index.php on line 59
[14-Apr-2019 09:54:41 Europe/Berlin] PHP Warning:  getimagesize(): Filename cannot be empty in F:\xampp\htdocs\test\index.php on line 59
[14-Apr-2019 09:55:31 Europe/Berlin] PHP Notice:  Undefined index: fileToUpload in F:\xampp\htdocs\test\index.php on line 55
[14-Apr-2019 09:55:31 Europe/Berlin] PHP Notice:  Undefined variable: FILES in F:\xampp\htdocs\test\index.php on line 59
[14-Apr-2019 09:55:31 Europe/Berlin] PHP Warning:  getimagesize(): Filename cannot be empty in F:\xampp\htdocs\test\index.php on line 59
[14-Apr-2019 09:55:35 Europe/Berlin] PHP Notice:  Undefined variable: target_file in F:\xampp\htdocs\test\index.php on line 93
[14-Apr-2019 09:55:40 Europe/Berlin] PHP Notice:  Undefined index: fileToUpload in F:\xampp\htdocs\test\index.php on line 55
[14-Apr-2019 09:55:40 Europe/Berlin] PHP Notice:  Undefined variable: FILES in F:\xampp\htdocs\test\index.php on line 59
[14-Apr-2019 09:55:40 Europe/Berlin] PHP Warning:  getimagesize(): Filename cannot be empty in F:\xampp\htdocs\test\index.php on line 59
[14-Apr-2019 09:56:23 Europe/Berlin] PHP Notice:  Undefined variable: target_file in F:\xampp\htdocs\test\index.php on line 93
[14-Apr-2019 09:56:29 Europe/Berlin] PHP Notice:  Undefined index: image in F:\xampp\htdocs\test\index.php on line 55
[14-Apr-2019 09:56:29 Europe/Berlin] PHP Notice:  Undefined index: image in F:\xampp\htdocs\test\index.php on line 59
[14-Apr-2019 09:56:29 Europe/Berlin] PHP Warning:  getimagesize(): Filename cannot be empty in F:\xampp\htdocs\test\index.php on line 59
[15-Apr-2019 15:51:23 Europe/Berlin] PHP Notice:  Undefined variable: target_file in F:\xampp\htdocs\test\index.php on line 93
[15-Apr-2019 15:52:28 Europe/Berlin] PHP Notice:  Undefined variable: target_file in F:\xampp\htdocs\test\index.php on line 93
[16-Apr-2019 12:44:57 Europe/Berlin] PHP Notice:  Undefined variable: target_file in F:\xampp\htdocs\test\index.php on line 93
[16-Apr-2019 12:47:30 Europe/Berlin] PHP Notice:  Undefined index: image in F:\xampp\htdocs\test\index.php on line 55
[16-Apr-2019 12:47:30 Europe/Berlin] PHP Notice:  Undefined index: image in F:\xampp\htdocs\test\index.php on line 59
[16-Apr-2019 12:47:30 Europe/Berlin] PHP Warning:  getimagesize(): Filename cannot be empty in F:\xampp\htdocs\test\index.php on line 59
[16-Apr-2019 14:16:29 Europe/Berlin] PHP Warning:  Use of undefined constant LP_INCLUDES - assumed 'LP_INCLUDES' (this will throw an Error in a future version of PHP) in F:\xampp\htdocs\test\index.php on line 9
[16-Apr-2019 14:16:29 Europe/Berlin] PHP Warning:  include(LP_INCLUDESheader.php): failed to open stream: No such file or directory in F:\xampp\htdocs\test\index.php on line 9
[16-Apr-2019 14:16:29 Europe/Berlin] PHP Warning:  include(): Failed opening 'LP_INCLUDESheader.php' for inclusion (include_path='F:\xampp\php\PEAR') in F:\xampp\htdocs\test\index.php on line 9
[16-Apr-2019 14:16:29 Europe/Berlin] PHP Warning:  Use of undefined constant LP_INCLUDES - assumed 'LP_INCLUDES' (this will throw an Error in a future version of PHP) in F:\xampp\htdocs\test\index.php on line 10
[16-Apr-2019 14:16:29 Europe/Berlin] PHP Warning:  include(LP_INCLUDESfunctions.php): failed to open stream: No such file or directory in F:\xampp\htdocs\test\index.php on line 10
[16-Apr-2019 14:16:29 Europe/Berlin] PHP Warning:  include(): Failed opening 'LP_INCLUDESfunctions.php' for inclusion (include_path='F:\xampp\php\PEAR') in F:\xampp\htdocs\test\index.php on line 10
[16-Apr-2019 14:16:30 Europe/Berlin] PHP Warning:  Use of undefined constant LP_INCLUDES - assumed 'LP_INCLUDES' (this will throw an Error in a future version of PHP) in F:\xampp\htdocs\test\index.php on line 9
[16-Apr-2019 14:16:30 Europe/Berlin] PHP Warning:  include(LP_INCLUDESheader.php): failed to open stream: No such file or directory in F:\xampp\htdocs\test\index.php on line 9
[16-Apr-2019 14:16:30 Europe/Berlin] PHP Warning:  include(): Failed opening 'LP_INCLUDESheader.php' for inclusion (include_path='F:\xampp\php\PEAR') in F:\xampp\htdocs\test\index.php on line 9
[16-Apr-2019 14:16:30 Europe/Berlin] PHP Warning:  Use of undefined constant LP_INCLUDES - assumed 'LP_INCLUDES' (this will throw an Error in a future version of PHP) in F:\xampp\htdocs\test\index.php on line 10
[16-Apr-2019 14:16:30 Europe/Berlin] PHP Warning:  include(LP_INCLUDESfunctions.php): failed to open stream: No such file or directory in F:\xampp\htdocs\test\index.php on line 10
[16-Apr-2019 14:16:30 Europe/Berlin] PHP Warning:  include(): Failed opening 'LP_INCLUDESfunctions.php' for inclusion (include_path='F:\xampp\php\PEAR') in F:\xampp\htdocs\test\index.php on line 10
[16-Apr-2019 14:16:34 Europe/Berlin] PHP Warning:  Use of undefined constant LP_INCLUDES - assumed 'LP_INCLUDES' (this will throw an Error in a future version of PHP) in F:\xampp\htdocs\test\index.php on line 9
[16-Apr-2019 14:16:34 Europe/Berlin] PHP Warning:  include(LP_INCLUDESheader.php): failed to open stream: No such file or directory in F:\xampp\htdocs\test\index.php on line 9
[16-Apr-2019 14:16:34 Europe/Berlin] PHP Warning:  include(): Failed opening 'LP_INCLUDESheader.php' for inclusion (include_path='F:\xampp\php\PEAR') in F:\xampp\htdocs\test\index.php on line 9
[16-Apr-2019 14:16:34 Europe/Berlin] PHP Warning:  Use of undefined constant LP_INCLUDES - assumed 'LP_INCLUDES' (this will throw an Error in a future version of PHP) in F:\xampp\htdocs\test\index.php on line 10
[16-Apr-2019 14:16:34 Europe/Berlin] PHP Warning:  include(LP_INCLUDESfunctions.php): failed to open stream: No such file or directory in F:\xampp\htdocs\test\index.php on line 10
[16-Apr-2019 14:16:34 Europe/Berlin] PHP Warning:  include(): Failed opening 'LP_INCLUDESfunctions.php' for inclusion (include_path='F:\xampp\php\PEAR') in F:\xampp\htdocs\test\index.php on line 10
